2024-10-19 18:51:31,071 - INFO - Connecting to 149.154.167.51:443/TcpFull...
2024-10-19 18:51:32,803 - INFO - Connection to 149.154.167.51:443/TcpFull complete!
2024-10-19 18:51:33,221 - INFO - Phone migrated to 4
2024-10-19 18:51:33,312 - INFO - Reconnecting to new data center 4
2024-10-19 18:51:33,426 - INFO - Disconnecting from 149.154.167.51:443/TcpFull...
2024-10-19 18:51:33,426 - INFO - Disconnection from 149.154.167.51:443/TcpFull complete!
2024-10-19 18:51:33,426 - INFO - Connecting to 149.154.167.91:443/TcpFull...
2024-10-19 18:51:34,859 - INFO - Connection to 149.154.167.91:443/TcpFull complete!
2024-10-19 18:51:58,959 - INFO - Client started successfully.
2024-10-19 18:51:58,959 - INFO - Media directory 'photos' already exists.
2024-10-19 18:51:58,959 - ERROR - Error reading channels from JSON: [Errno 2] No such file or directory: 'channels.json'
2024-10-19 18:55:21,672 - INFO - Connecting to 149.154.167.91:443/TcpFull...
2024-10-19 18:55:21,745 - INFO - Connection to 149.154.167.91:443/TcpFull complete!
2024-10-19 18:55:22,391 - INFO - Client started successfully.
2024-10-19 18:55:22,391 - INFO - Media directory 'photos' already exists.
2024-10-19 18:55:22,391 - ERROR - Error reading channels from JSON: [Errno 2] No such file or directory: 'D:\\Data Science\\10acadamy\\week7_challenge\\telegram_scrapper\\channels.json\\channels.json'
2024-10-19 18:57:02,022 - INFO - Connecting to 149.154.167.91:443/TcpFull...
2024-10-19 18:57:02,092 - INFO - Connection to 149.154.167.91:443/TcpFull complete!
2024-10-19 18:57:02,645 - INFO - Client started successfully.
2024-10-19 18:57:02,645 - INFO - Media directory 'photos' already exists.
2024-10-19 18:57:03,100 - INFO - Image found in message ID 864.
2024-10-19 18:57:03,100 - INFO - Starting direct file download in chunks of 131072 at 0, stride 131072
2024-10-19 18:57:03,990 - INFO - Downloaded image for message ID 864 to photos\@DoctorsET_864.jpg.
2024-10-19 18:57:03,990 - INFO - Processed message ID 864 from @DoctorsET.
2024-10-19 18:57:03,990 - INFO - Image found in message ID 863.
2024-10-19 18:57:03,990 - INFO - Starting direct file download in chunks of 131072 at 0, stride 131072
2024-10-19 18:57:05,240 - INFO - Downloaded image for message ID 863 to photos\@DoctorsET_863.jpg.
2024-10-19 18:57:05,240 - INFO - Processed message ID 863 from @DoctorsET.
2024-10-19 18:57:05,240 - INFO - Image found in message ID 862.
2024-10-19 18:57:05,240 - INFO - Starting direct file download in chunks of 131072 at 0, stride 131072
2024-10-19 18:57:06,252 - INFO - Downloaded image for message ID 862 to photos\@DoctorsET_862.jpg.
2024-10-19 18:57:06,252 - INFO - Processed message ID 862 from @DoctorsET.
2024-10-19 18:57:06,252 - INFO - Image found in message ID 861.
2024-10-19 18:57:06,254 - INFO - Starting direct file download in chunks of 131072 at 0, stride 131072
2024-10-19 18:57:07,074 - INFO - Downloaded image for message ID 861 to photos\@DoctorsET_861.jpg.
2024-10-19 18:57:07,074 - INFO - Processed message ID 861 from @DoctorsET.
2024-10-19 18:57:07,074 - INFO - Image found in message ID 860.
2024-10-19 18:57:07,074 - INFO - Starting direct file download in chunks of 131072 at 0, stride 131072
2024-10-19 18:57:07,647 - INFO - Downloaded image for message ID 860 to photos\@DoctorsET_860.jpg.
2024-10-19 18:57:07,647 - INFO - Processed message ID 860 from @DoctorsET.
2024-10-19 18:57:07,647 - INFO - Image found in message ID 859.
2024-10-19 18:57:07,663 - INFO - Starting direct file download in chunks of 131072 at 0, stride 131072
2024-10-19 18:57:08,122 - INFO - Downloaded image for message ID 859 to photos\@DoctorsET_859.jpg.
2024-10-19 18:57:08,122 - INFO - Processed message ID 859 from @DoctorsET.
2024-10-19 18:57:08,122 - INFO - Image found in message ID 848.
2024-10-19 18:57:08,122 - INFO - Starting direct file download in chunks of 131072 at 0, stride 131072
2024-10-19 18:57:09,099 - INFO - Downloaded image for message ID 848 to photos\@DoctorsET_848.jpg.
2024-10-19 18:57:09,099 - INFO - Processed message ID 848 from @DoctorsET.
2024-10-19 18:57:09,099 - INFO - Image found in message ID 847.
2024-10-19 18:57:09,099 - INFO - Starting direct file download in chunks of 131072 at 0, stride 131072
2024-10-19 18:57:09,944 - INFO - Downloaded image for message ID 847 to photos\@DoctorsET_847.jpg.
2024-10-19 18:57:09,944 - INFO - Processed message ID 847 from @DoctorsET.
2024-10-19 18:57:09,944 - INFO - Image found in message ID 846.
2024-10-19 18:57:09,944 - INFO - Starting direct file download in chunks of 131072 at 0, stride 131072
2024-10-19 18:57:10,972 - INFO - Downloaded image for message ID 846 to photos\@DoctorsET_846.jpg.
2024-10-19 18:57:10,972 - INFO - Processed message ID 846 from @DoctorsET.
2024-10-19 18:57:10,972 - INFO - Image found in message ID 845.
2024-10-19 18:57:10,972 - INFO - Starting direct file download in chunks of 131072 at 0, stride 131072
2024-10-19 18:57:11,991 - INFO - Downloaded image for message ID 845 to photos\@DoctorsET_845.jpg.
2024-10-19 18:57:11,991 - INFO - Processed message ID 845 from @DoctorsET.
2024-10-19 18:57:11,991 - INFO - Image found in message ID 844.
2024-10-19 18:57:11,991 - INFO - Starting direct file download in chunks of 131072 at 0, stride 131072
2024-10-19 18:57:13,207 - INFO - Downloaded image for message ID 844 to photos\@DoctorsET_844.jpg.
2024-10-19 18:57:13,207 - INFO - Processed message ID 844 from @DoctorsET.
2024-10-19 18:57:13,207 - INFO - Image found in message ID 843.
2024-10-19 18:57:13,207 - INFO - Starting direct file download in chunks of 131072 at 0, stride 131072
2024-10-19 18:57:14,202 - INFO - Downloaded image for message ID 843 to photos\@DoctorsET_843.jpg.
2024-10-19 18:57:14,202 - INFO - Processed message ID 843 from @DoctorsET.
2024-10-19 18:57:14,202 - INFO - Image found in message ID 842.
2024-10-19 18:57:14,202 - INFO - Starting direct file download in chunks of 131072 at 0, stride 131072
2024-10-19 18:57:14,641 - INFO - Downloaded image for message ID 842 to photos\@DoctorsET_842.jpg.
2024-10-19 18:57:14,641 - INFO - Processed message ID 842 from @DoctorsET.
2024-10-19 18:57:14,641 - INFO - Image found in message ID 841.
2024-10-19 18:57:14,641 - INFO - Starting direct file download in chunks of 131072 at 0, stride 131072
2024-10-19 18:57:15,221 - INFO - Downloaded image for message ID 841 to photos\@DoctorsET_841.jpg.
2024-10-19 18:57:15,221 - INFO - Processed message ID 841 from @DoctorsET.
2024-10-19 18:57:15,221 - INFO - Image found in message ID 840.
2024-10-19 18:57:15,221 - INFO - Starting direct file download in chunks of 131072 at 0, stride 131072
2024-10-19 18:57:16,004 - INFO - Downloaded image for message ID 840 to photos\@DoctorsET_840.jpg.
2024-10-19 18:57:16,004 - INFO - Processed message ID 840 from @DoctorsET.
2024-10-19 18:57:16,004 - INFO - Image found in message ID 839.
2024-10-19 18:57:16,004 - INFO - Starting direct file download in chunks of 131072 at 0, stride 131072
2024-10-19 18:57:17,039 - INFO - Downloaded image for message ID 839 to photos\@DoctorsET_839.jpg.
2024-10-19 18:57:17,039 - INFO - Processed message ID 839 from @DoctorsET.
2024-10-19 18:57:17,040 - INFO - Image found in message ID 836.
2024-10-19 18:57:17,042 - INFO - Starting direct file download in chunks of 131072 at 0, stride 131072
2024-10-19 18:57:18,012 - INFO - Downloaded image for message ID 836 to photos\@DoctorsET_836.jpg.
2024-10-19 18:57:18,012 - INFO - Processed message ID 836 from @DoctorsET.
2024-10-19 18:57:18,012 - INFO - Image found in message ID 835.
2024-10-19 18:57:18,012 - INFO - Starting direct file download in chunks of 131072 at 0, stride 131072
2024-10-19 18:57:18,607 - INFO - Downloaded image for message ID 835 to photos\@DoctorsET_835.jpg.
2024-10-19 18:57:18,607 - INFO - Processed message ID 835 from @DoctorsET.
2024-10-19 18:57:18,607 - INFO - Image found in message ID 834.
2024-10-19 18:57:18,607 - INFO - Starting direct file download in chunks of 131072 at 0, stride 131072
2024-10-19 18:57:19,068 - INFO - Downloaded image for message ID 834 to photos\@DoctorsET_834.jpg.
2024-10-19 18:57:19,068 - INFO - Processed message ID 834 from @DoctorsET.
2024-10-19 18:57:19,068 - INFO - Image found in message ID 833.
2024-10-19 18:57:19,068 - INFO - Starting direct file download in chunks of 131072 at 0, stride 131072
2024-10-19 18:57:19,699 - INFO - Downloaded image for message ID 833 to photos\@DoctorsET_833.jpg.
2024-10-19 18:57:19,699 - INFO - Processed message ID 833 from @DoctorsET.
2024-10-19 18:57:19,699 - INFO - Image found in message ID 832.
2024-10-19 18:57:19,703 - INFO - Starting direct file download in chunks of 131072 at 0, stride 131072
2024-10-19 18:57:20,599 - INFO - Downloaded image for message ID 832 to photos\@DoctorsET_832.jpg.
2024-10-19 18:57:20,599 - INFO - Processed message ID 832 from @DoctorsET.
2024-10-19 18:57:20,599 - INFO - Image found in message ID 831.
2024-10-19 18:57:20,599 - INFO - Starting direct file download in chunks of 131072 at 0, stride 131072
2024-10-19 18:57:21,288 - INFO - Downloaded image for message ID 831 to photos\@DoctorsET_831.jpg.
2024-10-19 18:57:21,288 - INFO - Processed message ID 831 from @DoctorsET.
2024-10-19 18:57:21,288 - INFO - Image found in message ID 830.
2024-10-19 18:57:21,288 - INFO - Starting direct file download in chunks of 131072 at 0, stride 131072
2024-10-19 18:57:22,617 - INFO - Downloaded image for message ID 830 to photos\@DoctorsET_830.jpg.
2024-10-19 18:57:22,617 - INFO - Processed message ID 830 from @DoctorsET.
2024-10-19 18:57:22,617 - INFO - Image found in message ID 829.
2024-10-19 18:57:22,617 - INFO - Starting direct file download in chunks of 131072 at 0, stride 131072
2024-10-19 18:57:23,321 - INFO - Downloaded image for message ID 829 to photos\@DoctorsET_829.jpg.
2024-10-19 18:57:23,321 - INFO - Processed message ID 829 from @DoctorsET.
2024-10-19 18:57:23,321 - INFO - Image found in message ID 828.
2024-10-19 18:57:23,321 - INFO - Starting direct file download in chunks of 131072 at 0, stride 131072
2024-10-19 18:57:24,047 - INFO - Downloaded image for message ID 828 to photos\@DoctorsET_828.jpg.
2024-10-19 18:57:24,047 - INFO - Processed message ID 828 from @DoctorsET.
2024-10-19 18:57:24,047 - INFO - Image found in message ID 827.
2024-10-19 18:57:24,047 - INFO - Starting direct file download in chunks of 131072 at 0, stride 131072
2024-10-19 18:57:24,714 - INFO - Downloaded image for message ID 827 to photos\@DoctorsET_827.jpg.
2024-10-19 18:57:24,714 - INFO - Processed message ID 827 from @DoctorsET.
2024-10-19 18:57:24,714 - INFO - Image found in message ID 826.
2024-10-19 18:57:24,714 - INFO - Starting direct file download in chunks of 131072 at 0, stride 131072
2024-10-19 18:57:25,335 - INFO - Downloaded image for message ID 826 to photos\@DoctorsET_826.jpg.
2024-10-19 18:57:25,335 - INFO - Processed message ID 826 from @DoctorsET.
2024-10-19 18:57:25,335 - INFO - Image found in message ID 825.
2024-10-19 18:57:25,335 - INFO - Starting direct file download in chunks of 131072 at 0, stride 131072
2024-10-19 18:57:25,993 - INFO - Downloaded image for message ID 825 to photos\@DoctorsET_825.jpg.
2024-10-19 18:57:25,993 - INFO - Processed message ID 825 from @DoctorsET.
2024-10-19 18:57:25,993 - INFO - Image found in message ID 824.
2024-10-19 18:57:26,005 - INFO - Starting direct file download in chunks of 131072 at 0, stride 131072
2024-10-19 18:57:26,641 - INFO - Downloaded image for message ID 824 to photos\@DoctorsET_824.jpg.
2024-10-19 18:57:26,641 - INFO - Processed message ID 824 from @DoctorsET.
2024-10-19 18:57:26,641 - INFO - Image found in message ID 823.
2024-10-19 18:57:26,641 - INFO - Starting direct file download in chunks of 131072 at 0, stride 131072
2024-10-19 18:57:27,178 - INFO - Downloaded image for message ID 823 to photos\@DoctorsET_823.jpg.
2024-10-19 18:57:27,178 - INFO - Processed message ID 823 from @DoctorsET.
2024-10-19 18:57:27,178 - INFO - Image found in message ID 822.
2024-10-19 18:57:27,188 - INFO - Starting direct file download in chunks of 131072 at 0, stride 131072
2024-10-19 18:57:27,679 - INFO - Downloaded image for message ID 822 to photos\@DoctorsET_822.jpg.
2024-10-19 18:57:27,679 - INFO - Processed message ID 822 from @DoctorsET.
2024-10-19 18:57:27,679 - INFO - Image found in message ID 821.
2024-10-19 18:57:27,679 - INFO - Starting direct file download in chunks of 131072 at 0, stride 131072
2024-10-19 18:57:29,032 - INFO - Downloaded image for message ID 821 to photos\@DoctorsET_821.jpg.
2024-10-19 18:57:29,032 - INFO - Processed message ID 821 from @DoctorsET.
2024-10-19 18:57:29,032 - INFO - Image found in message ID 820.
2024-10-19 18:57:29,032 - INFO - Starting direct file download in chunks of 131072 at 0, stride 131072
2024-10-19 18:57:29,671 - INFO - Downloaded image for message ID 820 to photos\@DoctorsET_820.jpg.
2024-10-19 18:57:29,671 - INFO - Processed message ID 820 from @DoctorsET.
2024-10-19 18:57:29,671 - INFO - Image found in message ID 819.
2024-10-19 18:57:29,676 - INFO - Starting direct file download in chunks of 131072 at 0, stride 131072
2024-10-19 18:57:30,182 - INFO - Downloaded image for message ID 819 to photos\@DoctorsET_819.jpg.
2024-10-19 18:57:30,182 - INFO - Processed message ID 819 from @DoctorsET.
2024-10-19 18:57:30,182 - INFO - Image found in message ID 818.
2024-10-19 18:57:30,182 - INFO - Starting direct file download in chunks of 131072 at 0, stride 131072
2024-10-19 18:57:31,013 - INFO - Downloaded image for message ID 818 to photos\@DoctorsET_818.jpg.
2024-10-19 18:57:31,013 - INFO - Processed message ID 818 from @DoctorsET.
2024-10-19 18:57:31,013 - INFO - No image found in message ID 817.
2024-10-19 18:57:31,013 - INFO - Processed message ID 817 from @DoctorsET.
2024-10-19 18:57:31,013 - INFO - No image found in message ID 815.
2024-10-19 18:57:31,013 - INFO - Processed message ID 815 from @DoctorsET.
2024-10-19 18:57:31,013 - INFO - Image found in message ID 814.
2024-10-19 18:57:31,013 - INFO - Starting direct file download in chunks of 131072 at 0, stride 131072
2024-10-19 18:57:31,657 - INFO - Downloaded image for message ID 814 to photos\@DoctorsET_814.jpg.
2024-10-19 18:57:31,657 - INFO - Processed message ID 814 from @DoctorsET.
2024-10-19 18:57:31,657 - INFO - Image found in message ID 813.
2024-10-19 18:57:31,657 - INFO - Starting direct file download in chunks of 131072 at 0, stride 131072
2024-10-19 18:57:32,364 - INFO - Downloaded image for message ID 813 to photos\@DoctorsET_813.jpg.
2024-10-19 18:57:32,364 - INFO - Processed message ID 813 from @DoctorsET.
2024-10-19 18:57:32,364 - INFO - Image found in message ID 812.
2024-10-19 18:57:32,364 - INFO - Starting direct file download in chunks of 131072 at 0, stride 131072
2024-10-19 18:57:32,877 - INFO - Downloaded image for message ID 812 to photos\@DoctorsET_812.jpg.
2024-10-19 18:57:32,877 - INFO - Processed message ID 812 from @DoctorsET.
2024-10-19 18:57:32,877 - INFO - Image found in message ID 811.
2024-10-19 18:57:32,877 - INFO - Starting direct file download in chunks of 131072 at 0, stride 131072
2024-10-19 18:57:33,874 - INFO - Downloaded image for message ID 811 to photos\@DoctorsET_811.jpg.
2024-10-19 18:57:33,874 - INFO - Processed message ID 811 from @DoctorsET.
2024-10-19 18:57:33,874 - INFO - Image found in message ID 810.
2024-10-19 18:57:33,874 - INFO - Starting direct file download in chunks of 131072 at 0, stride 131072
2024-10-19 18:57:34,609 - INFO - Downloaded image for message ID 810 to photos\@DoctorsET_810.jpg.
2024-10-19 18:57:34,609 - INFO - Processed message ID 810 from @DoctorsET.
2024-10-19 18:57:34,609 - INFO - Image found in message ID 809.
2024-10-19 18:57:34,612 - INFO - Starting direct file download in chunks of 131072 at 0, stride 131072
2024-10-19 18:57:35,528 - INFO - Downloaded image for message ID 809 to photos\@DoctorsET_809.jpg.
2024-10-19 18:57:35,528 - INFO - Processed message ID 809 from @DoctorsET.
2024-10-19 18:57:35,528 - INFO - Image found in message ID 808.
2024-10-19 18:57:35,528 - INFO - Starting direct file download in chunks of 131072 at 0, stride 131072
2024-10-19 18:57:36,763 - INFO - Downloaded image for message ID 808 to photos\@DoctorsET_808.jpg.
2024-10-19 18:57:36,763 - INFO - Processed message ID 808 from @DoctorsET.
2024-10-19 18:57:36,763 - INFO - Image found in message ID 807.
2024-10-19 18:57:36,763 - INFO - Starting direct file download in chunks of 131072 at 0, stride 131072
2024-10-19 18:57:38,401 - INFO - Downloaded image for message ID 807 to photos\@DoctorsET_807.jpg.
2024-10-19 18:57:38,401 - INFO - Processed message ID 807 from @DoctorsET.
2024-10-19 18:57:38,401 - INFO - Image found in message ID 805.
2024-10-19 18:57:38,401 - INFO - Starting direct file download in chunks of 131072 at 0, stride 131072
2024-10-19 18:57:39,846 - INFO - Downloaded image for message ID 805 to photos\@DoctorsET_805.jpg.
2024-10-19 18:57:39,846 - INFO - Processed message ID 805 from @DoctorsET.
2024-10-19 18:57:39,846 - INFO - Image found in message ID 804.
2024-10-19 18:57:39,846 - INFO - Starting direct file download in chunks of 131072 at 0, stride 131072
2024-10-19 18:57:40,824 - INFO - Downloaded image for message ID 804 to photos\@DoctorsET_804.jpg.
2024-10-19 18:57:40,824 - INFO - Processed message ID 804 from @DoctorsET.
2024-10-19 18:57:40,824 - INFO - Image found in message ID 802.
2024-10-19 18:57:40,824 - INFO - Starting direct file download in chunks of 131072 at 0, stride 131072
2024-10-19 18:57:42,484 - INFO - Downloaded image for message ID 802 to photos\@DoctorsET_802.jpg.
2024-10-19 18:57:42,484 - INFO - Processed message ID 802 from @DoctorsET.
2024-10-19 18:57:42,484 - INFO - Image found in message ID 801.
2024-10-19 18:57:42,497 - INFO - Starting direct file download in chunks of 131072 at 0, stride 131072
2024-10-19 18:57:43,591 - INFO - Downloaded image for message ID 801 to photos\@DoctorsET_801.jpg.
2024-10-19 18:57:43,591 - INFO - Processed message ID 801 from @DoctorsET.
2024-10-19 18:57:43,591 - INFO - Image found in message ID 800.
2024-10-19 18:57:43,591 - INFO - Starting direct file download in chunks of 131072 at 0, stride 131072
2024-10-19 18:57:44,927 - INFO - Downloaded image for message ID 800 to photos\@DoctorsET_800.jpg.
2024-10-19 18:57:44,927 - INFO - Processed message ID 800 from @DoctorsET.
2024-10-19 18:57:44,927 - INFO - Image found in message ID 799.
2024-10-19 18:57:44,938 - INFO - Starting direct file download in chunks of 131072 at 0, stride 131072
2024-10-19 18:57:45,602 - INFO - Downloaded image for message ID 799 to photos\@DoctorsET_799.jpg.
2024-10-19 18:57:45,602 - INFO - Processed message ID 799 from @DoctorsET.
2024-10-19 18:57:45,602 - INFO - Image found in message ID 798.
2024-10-19 18:57:45,618 - INFO - Starting direct file download in chunks of 131072 at 0, stride 131072
2024-10-19 18:57:46,325 - INFO - Downloaded image for message ID 798 to photos\@DoctorsET_798.jpg.
2024-10-19 18:57:46,326 - INFO - Processed message ID 798 from @DoctorsET.
2024-10-19 18:57:46,326 - INFO - Image found in message ID 797.
2024-10-19 18:57:46,329 - INFO - Starting direct file download in chunks of 131072 at 0, stride 131072
2024-10-19 18:57:47,082 - INFO - Downloaded image for message ID 797 to photos\@DoctorsET_797.jpg.
2024-10-19 18:57:47,082 - INFO - Processed message ID 797 from @DoctorsET.
2024-10-19 18:57:47,082 - INFO - Image found in message ID 796.
2024-10-19 18:57:47,082 - INFO - Starting direct file download in chunks of 131072 at 0, stride 131072
2024-10-19 18:57:47,903 - INFO - Downloaded image for message ID 796 to photos\@DoctorsET_796.jpg.
2024-10-19 18:57:47,903 - INFO - Processed message ID 796 from @DoctorsET.
2024-10-19 18:57:47,903 - INFO - Image found in message ID 795.
2024-10-19 18:57:47,913 - INFO - Starting direct file download in chunks of 131072 at 0, stride 131072
2024-10-19 18:57:49,294 - INFO - Downloaded image for message ID 795 to photos\@DoctorsET_795.jpg.
2024-10-19 18:57:49,294 - INFO - Processed message ID 795 from @DoctorsET.
2024-10-19 18:57:49,294 - INFO - Image found in message ID 794.
2024-10-19 18:57:49,312 - INFO - Starting direct file download in chunks of 131072 at 0, stride 131072
2024-10-19 18:57:50,259 - INFO - Downloaded image for message ID 794 to photos\@DoctorsET_794.jpg.
2024-10-19 18:57:50,259 - INFO - Processed message ID 794 from @DoctorsET.
2024-10-19 18:57:50,259 - INFO - Image found in message ID 793.
2024-10-19 18:57:50,259 - INFO - Starting direct file download in chunks of 131072 at 0, stride 131072
2024-10-19 18:57:51,129 - INFO - Downloaded image for message ID 793 to photos\@DoctorsET_793.jpg.
2024-10-19 18:57:51,129 - INFO - Processed message ID 793 from @DoctorsET.
2024-10-19 18:57:51,129 - INFO - Image found in message ID 792.
2024-10-19 18:57:51,136 - INFO - Starting direct file download in chunks of 131072 at 0, stride 131072
2024-10-19 18:57:52,322 - INFO - Downloaded image for message ID 792 to photos\@DoctorsET_792.jpg.
2024-10-19 18:57:52,322 - INFO - Processed message ID 792 from @DoctorsET.
2024-10-19 18:57:52,322 - INFO - Image found in message ID 791.
2024-10-19 18:57:52,322 - INFO - Starting direct file download in chunks of 131072 at 0, stride 131072
2024-10-19 18:57:53,960 - INFO - Downloaded image for message ID 791 to photos\@DoctorsET_791.jpg.
2024-10-19 18:57:53,960 - INFO - Processed message ID 791 from @DoctorsET.
2024-10-19 18:57:53,960 - INFO - Image found in message ID 790.
2024-10-19 18:57:53,960 - INFO - Starting direct file download in chunks of 131072 at 0, stride 131072
2024-10-19 18:57:55,522 - INFO - Downloaded image for message ID 790 to photos\@DoctorsET_790.jpg.
2024-10-19 18:57:55,522 - INFO - Processed message ID 790 from @DoctorsET.
2024-10-19 18:57:55,522 - INFO - No image found in message ID 789.
2024-10-19 18:57:55,522 - INFO - Processed message ID 789 from @DoctorsET.
2024-10-19 18:57:55,522 - INFO - Image found in message ID 788.
2024-10-19 18:57:55,522 - INFO - Starting direct file download in chunks of 131072 at 0, stride 131072
2024-10-19 18:57:56,045 - INFO - Downloaded image for message ID 788 to photos\@DoctorsET_788.jpg.
2024-10-19 18:57:56,045 - INFO - Processed message ID 788 from @DoctorsET.
2024-10-19 18:57:56,045 - INFO - Image found in message ID 787.
2024-10-19 18:57:56,045 - INFO - Starting direct file download in chunks of 131072 at 0, stride 131072
2024-10-19 18:57:56,813 - INFO - Downloaded image for message ID 787 to photos\@DoctorsET_787.jpg.
2024-10-19 18:57:56,813 - INFO - Processed message ID 787 from @DoctorsET.
2024-10-19 18:57:56,813 - INFO - Image found in message ID 786.
2024-10-19 18:57:56,816 - INFO - Starting direct file download in chunks of 131072 at 0, stride 131072
2024-10-19 18:57:57,528 - INFO - Downloaded image for message ID 786 to photos\@DoctorsET_786.jpg.
2024-10-19 18:57:57,528 - INFO - Processed message ID 786 from @DoctorsET.
2024-10-19 18:57:57,528 - INFO - Image found in message ID 785.
2024-10-19 18:57:57,528 - INFO - Starting direct file download in chunks of 131072 at 0, stride 131072
2024-10-19 18:57:59,021 - INFO - Downloaded image for message ID 785 to photos\@DoctorsET_785.jpg.
2024-10-19 18:57:59,021 - INFO - Processed message ID 785 from @DoctorsET.
2024-10-19 18:57:59,021 - INFO - Image found in message ID 784.
2024-10-19 18:57:59,021 - INFO - Starting direct file download in chunks of 131072 at 0, stride 131072
2024-10-19 18:58:00,034 - INFO - Downloaded image for message ID 784 to photos\@DoctorsET_784.jpg.
2024-10-19 18:58:00,034 - INFO - Processed message ID 784 from @DoctorsET.
2024-10-19 18:58:00,034 - INFO - Image found in message ID 783.
2024-10-19 18:58:00,034 - INFO - Starting direct file download in chunks of 131072 at 0, stride 131072
2024-10-19 18:58:00,892 - INFO - Downloaded image for message ID 783 to photos\@DoctorsET_783.jpg.
2024-10-19 18:58:00,892 - INFO - Processed message ID 783 from @DoctorsET.
2024-10-19 18:58:00,892 - INFO - Image found in message ID 782.
2024-10-19 18:58:00,894 - INFO - Starting direct file download in chunks of 131072 at 0, stride 131072
2024-10-19 18:58:01,868 - INFO - Downloaded image for message ID 782 to photos\@DoctorsET_782.jpg.
2024-10-19 18:58:01,868 - INFO - Processed message ID 782 from @DoctorsET.
2024-10-19 18:58:01,868 - INFO - Image found in message ID 781.
2024-10-19 18:58:01,884 - INFO - Starting direct file download in chunks of 131072 at 0, stride 131072
2024-10-19 18:58:03,402 - INFO - Downloaded image for message ID 781 to photos\@DoctorsET_781.jpg.
2024-10-19 18:58:03,402 - INFO - Processed message ID 781 from @DoctorsET.
2024-10-19 18:58:03,402 - INFO - Image found in message ID 780.
2024-10-19 18:58:03,402 - INFO - Starting direct file download in chunks of 131072 at 0, stride 131072
2024-10-19 18:58:04,689 - INFO - Downloaded image for message ID 780 to photos\@DoctorsET_780.jpg.
2024-10-19 18:58:04,689 - INFO - Processed message ID 780 from @DoctorsET.
2024-10-19 18:58:04,689 - INFO - Image found in message ID 779.
2024-10-19 18:58:04,703 - INFO - Starting direct file download in chunks of 131072 at 0, stride 131072
2024-10-19 18:58:06,205 - INFO - Downloaded image for message ID 779 to photos\@DoctorsET_779.jpg.
2024-10-19 18:58:06,205 - INFO - Processed message ID 779 from @DoctorsET.
2024-10-19 18:58:06,205 - INFO - Image found in message ID 778.
2024-10-19 18:58:06,205 - INFO - Starting direct file download in chunks of 131072 at 0, stride 131072
2024-10-19 18:58:07,587 - INFO - Downloaded image for message ID 778 to photos\@DoctorsET_778.jpg.
2024-10-19 18:58:07,588 - INFO - Processed message ID 778 from @DoctorsET.
2024-10-19 18:58:07,588 - INFO - Image found in message ID 777.
2024-10-19 18:58:07,590 - INFO - Starting direct file download in chunks of 131072 at 0, stride 131072
2024-10-19 18:58:08,516 - INFO - Downloaded image for message ID 777 to photos\@DoctorsET_777.jpg.
2024-10-19 18:58:08,516 - INFO - Processed message ID 777 from @DoctorsET.
2024-10-19 18:58:08,516 - INFO - Image found in message ID 776.
2024-10-19 18:58:08,516 - INFO - Starting direct file download in chunks of 131072 at 0, stride 131072
2024-10-19 18:58:09,563 - INFO - Downloaded image for message ID 776 to photos\@DoctorsET_776.jpg.
2024-10-19 18:58:09,563 - INFO - Processed message ID 776 from @DoctorsET.
2024-10-19 18:58:09,563 - INFO - Image found in message ID 775.
2024-10-19 18:58:09,563 - INFO - Starting direct file download in chunks of 131072 at 0, stride 131072
2024-10-19 18:58:10,965 - INFO - Downloaded image for message ID 775 to photos\@DoctorsET_775.jpg.
2024-10-19 18:58:10,965 - INFO - Processed message ID 775 from @DoctorsET.
2024-10-19 18:58:10,965 - INFO - Image found in message ID 774.
2024-10-19 18:58:10,970 - INFO - Starting direct file download in chunks of 131072 at 0, stride 131072
2024-10-19 18:58:12,348 - INFO - Downloaded image for message ID 774 to photos\@DoctorsET_774.jpg.
2024-10-19 18:58:12,348 - INFO - Processed message ID 774 from @DoctorsET.
2024-10-19 18:58:12,348 - INFO - Image found in message ID 773.
2024-10-19 18:58:12,357 - INFO - Starting direct file download in chunks of 131072 at 0, stride 131072
2024-10-19 18:58:13,166 - INFO - Downloaded image for message ID 773 to photos\@DoctorsET_773.jpg.
2024-10-19 18:58:13,166 - INFO - Processed message ID 773 from @DoctorsET.
2024-10-19 18:58:13,166 - INFO - Image found in message ID 772.
2024-10-19 18:58:13,168 - INFO - Starting direct file download in chunks of 131072 at 0, stride 131072
2024-10-19 18:58:13,935 - INFO - Downloaded image for message ID 772 to photos\@DoctorsET_772.jpg.
2024-10-19 18:58:13,935 - INFO - Processed message ID 772 from @DoctorsET.
2024-10-19 18:58:13,935 - INFO - Image found in message ID 771.
2024-10-19 18:58:13,935 - INFO - Starting direct file download in chunks of 131072 at 0, stride 131072
2024-10-19 18:58:15,537 - INFO - Downloaded image for message ID 771 to photos\@DoctorsET_771.jpg.
2024-10-19 18:58:15,537 - INFO - Processed message ID 771 from @DoctorsET.
2024-10-19 18:58:15,537 - INFO - Image found in message ID 770.
2024-10-19 18:58:15,537 - INFO - Starting direct file download in chunks of 131072 at 0, stride 131072
2024-10-19 18:58:16,372 - INFO - Downloaded image for message ID 770 to photos\@DoctorsET_770.jpg.
2024-10-19 18:58:16,372 - INFO - Processed message ID 770 from @DoctorsET.
2024-10-19 18:58:16,372 - INFO - Image found in message ID 769.
2024-10-19 18:58:16,374 - INFO - Starting direct file download in chunks of 131072 at 0, stride 131072
2024-10-19 18:58:17,332 - INFO - Downloaded image for message ID 769 to photos\@DoctorsET_769.jpg.
2024-10-19 18:58:17,332 - INFO - Processed message ID 769 from @DoctorsET.
2024-10-19 18:58:17,332 - INFO - Image found in message ID 768.
2024-10-19 18:58:17,332 - INFO - Starting direct file download in chunks of 131072 at 0, stride 131072
2024-10-19 18:58:19,001 - INFO - Downloaded image for message ID 768 to photos\@DoctorsET_768.jpg.
2024-10-19 18:58:19,001 - INFO - Processed message ID 768 from @DoctorsET.
2024-10-19 18:58:19,001 - INFO - Image found in message ID 767.
2024-10-19 18:58:19,017 - INFO - Starting direct file download in chunks of 131072 at 0, stride 131072
2024-10-19 18:58:19,947 - INFO - Downloaded image for message ID 767 to photos\@DoctorsET_767.jpg.
2024-10-19 18:58:19,947 - INFO - Processed message ID 767 from @DoctorsET.
2024-10-19 18:58:19,947 - INFO - Image found in message ID 766.
2024-10-19 18:58:19,947 - INFO - Starting direct file download in chunks of 131072 at 0, stride 131072
2024-10-19 18:58:20,642 - INFO - Downloaded image for message ID 766 to photos\@DoctorsET_766.jpg.
2024-10-19 18:58:20,642 - INFO - Processed message ID 766 from @DoctorsET.
2024-10-19 18:58:20,642 - INFO - Image found in message ID 765.
2024-10-19 18:58:20,642 - INFO - Starting direct file download in chunks of 131072 at 0, stride 131072
2024-10-19 18:58:22,266 - INFO - Downloaded image for message ID 765 to photos\@DoctorsET_765.jpg.
2024-10-19 18:58:22,266 - INFO - Processed message ID 765 from @DoctorsET.
2024-10-19 18:58:22,266 - INFO - Image found in message ID 764.
2024-10-19 18:58:22,266 - INFO - Starting direct file download in chunks of 131072 at 0, stride 131072
2024-10-19 18:58:23,606 - INFO - Downloaded image for message ID 764 to photos\@DoctorsET_764.jpg.
2024-10-19 18:58:23,606 - INFO - Processed message ID 764 from @DoctorsET.
2024-10-19 18:58:23,606 - INFO - Image found in message ID 763.
2024-10-19 18:58:23,637 - INFO - Starting direct file download in chunks of 131072 at 0, stride 131072
2024-10-19 18:58:25,359 - INFO - Downloaded image for message ID 763 to photos\@DoctorsET_763.jpg.
2024-10-19 18:58:25,359 - INFO - Processed message ID 763 from @DoctorsET.
2024-10-19 18:58:25,359 - INFO - Image found in message ID 762.
2024-10-19 18:58:25,368 - INFO - Starting direct file download in chunks of 131072 at 0, stride 131072
2024-10-19 18:58:26,430 - INFO - Downloaded image for message ID 762 to photos\@DoctorsET_762.jpg.
2024-10-19 18:58:26,430 - INFO - Processed message ID 762 from @DoctorsET.
2024-10-19 18:58:26,430 - INFO - Image found in message ID 761.
2024-10-19 18:58:26,430 - INFO - Starting direct file download in chunks of 131072 at 0, stride 131072
2024-10-19 18:58:28,371 - INFO - Downloaded image for message ID 761 to photos\@DoctorsET_761.jpg.
2024-10-19 18:58:28,371 - INFO - Processed message ID 761 from @DoctorsET.
2024-10-19 18:58:28,371 - INFO - Image found in message ID 760.
2024-10-19 18:58:28,397 - INFO - Starting direct file download in chunks of 131072 at 0, stride 131072
2024-10-19 18:58:29,038 - INFO - Downloaded image for message ID 760 to photos\@DoctorsET_760.jpg.
2024-10-19 18:58:29,038 - INFO - Processed message ID 760 from @DoctorsET.
2024-10-19 18:58:29,038 - INFO - Image found in message ID 759.
2024-10-19 18:58:29,038 - INFO - Starting direct file download in chunks of 131072 at 0, stride 131072
2024-10-19 18:58:30,409 - INFO - Downloaded image for message ID 759 to photos\@DoctorsET_759.jpg.
2024-10-19 18:58:30,409 - INFO - Processed message ID 759 from @DoctorsET.
2024-10-19 18:58:30,409 - INFO - Image found in message ID 758.
2024-10-19 18:58:30,409 - INFO - Starting direct file download in chunks of 131072 at 0, stride 131072
2024-10-19 18:58:32,082 - INFO - Downloaded image for message ID 758 to photos\@DoctorsET_758.jpg.
2024-10-19 18:58:32,082 - INFO - Processed message ID 758 from @DoctorsET.
2024-10-19 18:58:32,082 - INFO - Image found in message ID 757.
2024-10-19 18:58:32,082 - INFO - Starting direct file download in chunks of 131072 at 0, stride 131072
2024-10-19 18:58:33,813 - INFO - Downloaded image for message ID 757 to photos\@DoctorsET_757.jpg.
2024-10-19 18:58:33,813 - INFO - Processed message ID 757 from @DoctorsET.
2024-10-19 18:58:33,813 - INFO - Image found in message ID 756.
2024-10-19 18:58:33,860 - INFO - Starting direct file download in chunks of 131072 at 0, stride 131072
2024-10-19 18:58:34,696 - INFO - Downloaded image for message ID 756 to photos\@DoctorsET_756.jpg.
2024-10-19 18:58:34,696 - INFO - Processed message ID 756 from @DoctorsET.
2024-10-19 18:58:34,696 - INFO - Image found in message ID 755.
2024-10-19 18:58:34,704 - INFO - Starting direct file download in chunks of 131072 at 0, stride 131072
2024-10-19 18:58:35,260 - INFO - Downloaded image for message ID 755 to photos\@DoctorsET_755.jpg.
2024-10-19 18:58:35,260 - INFO - Processed message ID 755 from @DoctorsET.
2024-10-19 18:58:35,260 - INFO - Image found in message ID 754.
2024-10-19 18:58:35,265 - INFO - Starting direct file download in chunks of 131072 at 0, stride 131072
2024-10-19 18:58:35,927 - INFO - Downloaded image for message ID 754 to photos\@DoctorsET_754.jpg.
2024-10-19 18:58:35,927 - INFO - Processed message ID 754 from @DoctorsET.
2024-10-19 18:58:35,927 - INFO - Image found in message ID 753.
2024-10-19 18:58:35,929 - INFO - Starting direct file download in chunks of 131072 at 0, stride 131072
2024-10-19 18:58:36,954 - INFO - Downloaded image for message ID 753 to photos\@DoctorsET_753.jpg.
2024-10-19 18:58:36,954 - INFO - Processed message ID 753 from @DoctorsET.
2024-10-19 18:58:36,954 - INFO - No image found in message ID 752.
2024-10-19 18:58:36,954 - INFO - Processed message ID 752 from @DoctorsET.
2024-10-19 18:58:36,954 - INFO - Image found in message ID 751.
2024-10-19 18:58:36,954 - INFO - Starting direct file download in chunks of 131072 at 0, stride 131072
2024-10-19 18:58:38,724 - INFO - Downloaded image for message ID 751 to photos\@DoctorsET_751.jpg.
2024-10-19 18:58:38,724 - INFO - Processed message ID 751 from @DoctorsET.
2024-10-19 18:58:38,724 - INFO - Image found in message ID 750.
2024-10-19 18:58:38,724 - INFO - Starting direct file download in chunks of 131072 at 0, stride 131072
2024-10-19 18:58:39,230 - INFO - Downloaded image for message ID 750 to photos\@DoctorsET_750.jpg.
2024-10-19 18:58:39,230 - INFO - Processed message ID 750 from @DoctorsET.
2024-10-19 18:58:39,860 - INFO - Scraped data from @DoctorsET.
